::::::::::::::::::::::::::::::::::::::::::::::::::::::::::::::::::::::
  Multi-Core Markov-Chain Monte Carlo (MC3).
  Version 1.3.2.
  Copyright (c) 2015-2020 Patricio Cubillos and collaborators.
  MC3 is open-source software under the MIT license (see LICENSE).
::::::::::::::::::::::::::::::::::::::::::::::::::::::::::::::::::::::

Start MCMC chains  (Wed Oct 14 11:01:07 2020)

[:         ]  10.0% completed  (Thu Oct 15 05:51:09 2020)
Out-of-bound Trials:
 [  141   543   103 11214    90  3244   125  2593   164  4104]
Best Parameters:   (chisq=0.8833)
[-1.39744394 -1.17327974 -0.66252449  0.74673434  0.84757393
1.70230692
  0.98126052  2.00310258  0.69998975  2.9474996 ]

[::        ]  20.0% completed  (Fri Oct 16 00:40:26 2020)
Out-of-bound Trials:
 [  375  1968   475 30729   201  3812   137  3554   170 15758]
Best Parameters:   (chisq=0.8308)
[-1.45299054 -0.85945109 -0.78445237  0.79605997  0.85527142
1.69655152
  0.9796245   1.9635032   0.67559197  3.05104664]

[:::       ]  30.0% completed  (Fri Oct 16 19:28:55 2020)
Out-of-bound Trials:
 [  607  3591   944 58077   319  4134   143  4191   173 28618]
Best Parameters:   (chisq=0.8308)
[-1.45299054 -0.85945109 -0.78445237  0.79605997  0.85527142
1.69655152
  0.9796245   1.9635032   0.67559197  3.05104664]
Gelman-Rubin statistic for free parameters:
[1.08188002 1.43940592 1.27748383 1.40279612 1.06654651 1.06427936
 1.13256639 1.06907199 1.09814859 1.18880068]

[::::      ]  40.0% completed  (Sat Oct 17 14:18:22 2020)
Out-of-bound Trials:
 [  804  5271  1327 86339   440  4341   146  4673   176 40472]
Best Parameters:   (chisq=0.7024)
[-1.46221037 -0.80013755 -0.80068971  0.69033947  0.85598014
1.68808484
  0.97686036  2.00234097  0.68226915  2.97529949]
Gelman-Rubin statistic for free parameters:
[1.09075137 1.14647826 1.06930049 1.08851056 1.07635767 1.01138097
 1.05741894 1.02290919 1.03677738 1.03867973]

[:::::     ]  50.0% completed  (Sun Oct 18 09:08:42 2020)
Out-of-bound Trials:
 [   999   6818   1777 119303    549   4515    150   5073    177
52429]
Best Parameters:   (chisq=0.7024)
[-1.46221037 -0.80013755 -0.80068971  0.69033947  0.85598014
1.68808484
  0.97686036  2.00234097  0.68226915  2.97529949]
Gelman-Rubin statistic for free parameters:
[1.04473274 1.08294531 1.05875018 1.0885249  1.04305002 1.00733168
 1.01512947 1.01046801 1.00898558 1.0215689 ]

[::::::    ]  60.0% completed  (Mon Oct 19 03:07:47 2020)
Out-of-bound Trials:
 [  1255   8308   2362 151572    653   4659    155   5398    178
67527]
Best Parameters:   (chisq=0.7024)
[-1.46221037 -0.80013755 -0.80068971  0.69033947  0.85598014
1.68808484
  0.97686036  2.00234097  0.68226915  2.97529949]
Gelman-Rubin statistic for free parameters:
[1.03789733 1.02777016 1.0449907  1.05706782 1.03922409 1.00437435
 1.01543011 1.00860225 1.01051805 1.02332683]

[:::::::   ]  70.0% completed  (Mon Oct 19 22:49:16 2020)
Out-of-bound Trials:
 [  1612  10084   2815 179380    804   4773    157   5708    179
78957]
Best Parameters:   (chisq=0.7024)
[-1.46221037 -0.80013755 -0.80068971  0.69033947  0.85598014
1.68808484
  0.97686036  2.00234097  0.68226915  2.97529949]
Gelman-Rubin statistic for free parameters:
[1.08759881 1.03065236 1.03293637 1.02776832 1.07685669 1.00584106
 1.01750468 1.01017373 1.00885537 1.01728545]

[::::::::  ]  80.0% completed  (Tue Oct 20 18:07:58 2020)
Out-of-bound Trials:
 [  1833  11575   3360 215163    920   4886    158   6002    179
91173]
Best Parameters:   (chisq=0.7024)
[-1.46221037 -0.80013755 -0.80068971  0.69033947  0.85598014
1.68808484
  0.97686036  2.00234097  0.68226915  2.97529949]
Gelman-Rubin statistic for free parameters:
[1.06788237 1.02721927 1.04813288 1.02950964 1.06112653 1.00570572
 1.01634144 1.00801474 1.00372882 1.01588148]

[::::::::: ]  90.0% completed  (Wed Oct 21 14:07:52 2020)
Out-of-bound Trials:
 [  2229  13082   3952 246266   1122   4980    158   6331    181
104604]
Best Parameters:   (chisq=0.7024)
[-1.46221037 -0.80013755 -0.80068971  0.69033947  0.85598014
1.68808484
  0.97686036  2.00234097  0.68226915  2.97529949]
Gelman-Rubin statistic for free parameters:
[1.0449784  1.01658041 1.04055512 1.0292087  1.04176989 1.00676705
 1.01687471 1.00607835 1.00271012 1.01260762]

[::::::::::] 100.0% completed  (Thu Oct 22 10:06:19 2020)
Out-of-bound Trials:
 [  2475  14967   4535 278826   1245   5077    160   6605    183
116183]
Best Parameters:   (chisq=0.7024)
[-1.46221037 -0.80013755 -0.80068971  0.69033947  0.85598014
1.68808484
  0.97686036  2.00234097  0.68226915  2.97529949]
Gelman-Rubin statistic for free parameters:
[1.03484819 1.01146709 1.03438848 1.02529573 1.03307758 1.00657425
 1.00883678 1.00329926 1.00189171 1.01128601]

Fin, MCMC Summary:
------------------
 Burned in iterations per chain:   50000
 Number of iterations per chain:  200000
 MCMC sample size:               1500000
 Acceptance rate:   1.36%

 Best-fit params   Uncertainties        S/N      Sample Mean   Note
  -1.4622104e+00   1.5075167e-01       9.70   -1.3478991e+00
  -8.0013755e-01   3.8985674e-01       2.05   -1.0399945e+00
  -8.0068971e-01   2.6384829e-01       3.03   -5.6897507e-01
   6.9033947e-01   2.6524927e-01       2.60    6.0109606e-01
   8.5598014e-01   1.7643457e-02      48.52    8.4191645e-01
   1.6880848e+00   3.4645311e-02      48.72    1.7110359e+00
   9.7686036e-01   4.0609488e-02      24.05    9.8645258e-01
   2.0023410e+00   1.4672493e-01      13.65    1.9558696e+00
   6.8226915e-01   3.7984283e-02      17.96    6.8586526e-01
   2.9752995e+00   3.2770419e+00       0.91    7.9218626e-01

 Best-parameter's chi-squared:      0.7024
 Bayesian Information Criterion:   39.2038
 Reduced chi-squared:               0.0190
 Standard deviation of residuals:  2.47817e-06

 SPEIS: 15506
 ESS  : 96

 kappa credible regions:
  68.27 +- 4.6777 %:  (-1.4920e+00, -1.3355e+00)
  95.45 +- 2.0945 %:  (-1.5165e+00, -1.0615e+00)
                    U (-1.0487e+00, -9.7672e-01)
  99.73 +- 0.5215 %:  (-1.5407e+00, -7.2567e-01)
                    U (-7.2199e-01, -7.1243e-01)
                    U (-6.9571e-01, -6.7551e-01)
                    U (-6.4072e-01, -6.1898e-01)

 g1 credible regions:
  68.27 +- 4.6777 %:  (-1.3483e+00, -7.4829e-01)
  95.45 +- 2.0945 %:  (-2.0770e+00, -2.0592e+00)
                    U (-1.9374e+00, -3.6575e-01)
                    U (-2.9474e-01, -1.2697e-01)
  99.73 +- 0.5215 %:  (-2.7172e+00, -2.6709e+00)
                    U (-2.6208e+00, -2.4983e+00)
                    U (-2.4009e+00,  3.3035e-01)
                    U ( 3.8490e-01,  4.2607e-01)

 g2 credible regions:
  68.27 +- 4.6777 %:  (-9.0006e-01, -5.0522e-01)
                    U (-4.7218e-01, -4.0169e-01)
                    U (-3.0055e-01, -2.9669e-01)
                    U (-2.7797e-01, -2.5558e-01)
  95.45 +- 2.0945 %:  (-9.5385e-01, -2.6490e-02)
  99.73 +- 0.5215 %:  (-1.1099e+00,  2.5473e-01)
                    U ( 2.8336e-01,  3.4669e-01)

 alpha credible regions:
  68.27 +- 4.6777 %:  ( 3.7592e-01,  3.9022e-01)
                    U ( 4.8678e-01,  9.8558e-01)
  95.45 +- 2.0945 %:  ( 7.4640e-02,  1.9849e-01)
                    U ( 2.2378e-01,  9.9927e-01)
  99.73 +- 0.5215 %:  ( 8.4665e-03,  9.9997e-01)

 beta credible regions:
  68.27 +- 4.6777 %:  ( 8.3835e-01,  8.6030e-01)
  95.45 +- 2.0945 %:  ( 7.9894e-01,  8.6540e-01)
  99.73 +- 0.5215 %:  ( 7.7456e-01,  7.7905e-01)
                    U ( 7.8021e-01,  8.6816e-01)

 H2O credible regions:
  68.27 +- 4.6777 %:  ( 1.6709e+00,  1.7403e+00)
  95.45 +- 2.0945 %:  ( 1.6443e+00,  1.7797e+00)
  99.73 +- 0.5215 %:  ( 1.6159e+00,  1.8256e+00)

 CO2 credible regions:
  68.27 +- 4.6777 %:  ( 9.4268e-01,  1.0226e+00)
  95.45 +- 2.0945 %:  ( 9.0400e-01,  1.0679e+00)
  99.73 +- 0.5215 %:  ( 8.6969e-01,  1.1182e+00)

 CO credible regions:
  68.27 +- 4.6777 %:  ( 1.8219e+00,  2.0861e+00)
                    U ( 2.0888e+00,  2.1130e+00)
  95.45 +- 2.0945 %:  ( 1.6518e+00,  2.2427e+00)
  99.73 +- 0.5215 %:  ( 1.4457e+00,  1.4489e+00)
                    U ( 1.4633e+00,  1.4928e+00)
                    U ( 1.4957e+00,  2.4010e+00)

 CH4 credible regions:
  68.27 +- 4.6777 %:  ( 6.4889e-01,  7.2511e-01)
  95.45 +- 2.0945 %:  ( 6.1108e-01,  7.6334e-01)
  99.73 +- 0.5215 %:  ( 5.7194e-01,  7.9775e-01)
                    U ( 7.9911e-01,  8.0303e-01)

 NH3 credible regions:
  68.27 +- 4.6777 %:  (-5.0833e+00, -4.9238e+00)
                    U ( 1.3103e+00,  3.5637e+00)
  95.45 +- 2.0945 %:  (-7.6627e+00, -4.2393e+00)
                    U (-3.6867e+00, -3.6011e+00)
                    U (-3.1687e+00, -6.7021e-01)
                    U (-4.7829e-01,  3.5637e+00)
  99.73 +- 0.5215 %:  (-7.8639e+00,  3.5637e+00)

