::::::::::::::::::::::::::::::::::::::::::::::::::::::::::::::::::::::
  Multi-Core Markov-Chain Monte Carlo (MC3).
  Version 1.3.2.
  Copyright (c) 2015-2020 Patricio Cubillos and collaborators.
  MC3 is open-source software under the MIT license (see LICENSE).
::::::::::::::::::::::::::::::::::::::::::::::::::::::::::::::::::::::

Start MCMC chains  (Wed Oct 14 10:28:06 2020)

[:         ]  10.0% completed  (Wed Oct 14 20:08:37 2020)
Out-of-bound Trials:
 [  246   875  6089 13836    49 10903  7275  6504  9673  8091]
Best Parameters:   (chisq=0.0087)
[-1.62546471  0.12084175  1.81842039  0.48089175  1.00958612
-2.36130734
 -7.04341834 -2.4296467  -4.07717543 -7.40366022]

[::        ]  20.0% completed  (Thu Oct 15 06:00:19 2020)
Out-of-bound Trials:
 [  350  2880 11919 28153   106 21324 16282 16067 19045 17213]
Best Parameters:   (chisq=0.0087)
[-1.62546471  0.12084175  1.81842039  0.48089175  1.00958612
-2.36130734
 -7.04341834 -2.4296467  -4.07717543 -7.40366022]

[:::       ]  30.0% completed  (Thu Oct 15 15:51:45 2020)
Out-of-bound Trials:
 [  464  9824 17043 42534   195 29350 22362 27063 30576 25691]
Best Parameters:   (chisq=0.0087)
[-1.62546471  0.12084175  1.81842039  0.48089175  1.00958612
-2.36130734
 -7.04341834 -2.4296467  -4.07717543 -7.40366022]

[::::      ]  40.0% completed  (Fri Oct 16 01:43:13 2020)
Out-of-bound Trials:
 [  569 17269 21949 58243   262 36378 30282 42197 39979 36164]
Best Parameters:   (chisq=0.0087)
[-1.62546471  0.12084175  1.81842039  0.48089175  1.00958612
-2.36130734
 -7.04341834 -2.4296467  -4.07717543 -7.40366022]

[:::::     ]  50.0% completed  (Fri Oct 16 11:35:56 2020)
Out-of-bound Trials:
 [  655 23758 25617 76980   359 47833 38541 52711 47324 46861]
Best Parameters:   (chisq=0.0087)
[-1.62546471  0.12084175  1.81842039  0.48089175  1.00958612
-2.36130734
 -7.04341834 -2.4296467  -4.07717543 -7.40366022]

[::::::    ]  60.0% completed  (Fri Oct 16 21:27:47 2020)
Out-of-bound Trials:
 [  780 32563 31163 96318   458 56501 45753 62124 56073 59063]
Best Parameters:   (chisq=0.0087)
[-1.62546471  0.12084175  1.81842039  0.48089175  1.00958612
-2.36130734
 -7.04341834 -2.4296467  -4.07717543 -7.40366022]
Gelman-Rubin statistic for free parameters:
[1.15413867 1.15111934 1.17008412 1.12050115 1.12165067 1.10239168
 1.10005872 1.07477423 1.08438142 1.07307493]

[:::::::   ]  70.0% completed  (Sat Oct 17 07:18:53 2020)
Out-of-bound Trials:
 [   881  39714  37047 115819    515  64924  52089  73799  62322
69880]
Best Parameters:   (chisq=0.0087)
[-1.62546471  0.12084175  1.81842039  0.48089175  1.00958612
-2.36130734
 -7.04341834 -2.4296467  -4.07717543 -7.40366022]
Gelman-Rubin statistic for free parameters:
[1.05474432 1.05458771 1.06444351 1.02535328 1.07509694 1.03895398
 1.04566735 1.06957294 1.02703683 1.0442956 ]

[::::::::  ]  80.0% completed  (Sat Oct 17 17:11:42 2020)
Out-of-bound Trials:
 [   997  46507  41338 135012    630  74194  59428  85356  71825
79179]
Best Parameters:   (chisq=0.0087)
[-1.62546471  0.12084175  1.81842039  0.48089175  1.00958612
-2.36130734
 -7.04341834 -2.4296467  -4.07717543 -7.40366022]
Gelman-Rubin statistic for free parameters:
[1.03107634 1.04149668 1.049681   1.02338235 1.07413956 1.04122084
 1.03473181 1.03833651 1.03489358 1.0296412 ]

[::::::::: ]  90.0% completed  (Sun Oct 18 03:04:19 2020)
Out-of-bound Trials:
 [  1106  52949  46691 153157    711  81971  68651  94923  80193
88822]
Best Parameters:   (chisq=0.0087)
[-1.62546471  0.12084175  1.81842039  0.48089175  1.00958612
-2.36130734
 -7.04341834 -2.4296467  -4.07717543 -7.40366022]
Gelman-Rubin statistic for free parameters:
[1.00843395 1.04162028 1.03264573 1.01697029 1.06155427 1.03312951
 1.03027614 1.03544631 1.0361839  1.02405616]

[::::::::::] 100.0% completed  (Sun Oct 18 12:57:11 2020)
Out-of-bound Trials:
 [  1221  58665  51302 172717    796  89056  83220 104192  88581
97789]
Best Parameters:   (chisq=0.0087)
[-1.62546471  0.12084175  1.81842039  0.48089175  1.00958612
-2.36130734
 -7.04341834 -2.4296467  -4.07717543 -7.40366022]
Gelman-Rubin statistic for free parameters:
[1.01147457 1.02986625 1.03195695 1.01307106 1.04395497 1.03147741
 1.01877641 1.02359212 1.02336763 1.01817803]

Fin, MCMC Summary:
------------------
 Burned in iterations per chain:  50000
 Number of iterations per chain: 100000
 MCMC sample size:               500000
 Acceptance rate:   0.96%

 Best-fit params   Uncertainties        S/N      Sample Mean   Note
  -1.6254647e+00   4.2257253e-01       3.85   -8.9313351e-01
   1.2084175e-01   3.9106521e-01       0.31    2.6327081e-01
   1.8184204e+00   7.2971803e-01       2.49    9.8015915e-01
   4.8089175e-01   2.9655826e-01       1.62    4.5670820e-01
   1.0095861e+00   6.2024048e-02      16.28    9.9803507e-01
  -2.3613073e+00   2.3828303e+00       0.99   -3.7374188e+00
  -7.0434183e+00   1.9770464e+00       3.56   -4.5874535e+00
  -2.4296467e+00   2.5927860e+00       0.94   -3.6069440e+00
  -4.0771754e+00   2.3190833e+00       1.76   -3.7923333e+00
  -7.4036602e+00   3.4498169e+00       2.15   -2.0834401e+00

 Best-parameter's chi-squared:      0.0087
 Bayesian Information Criterion:   38.5102
 Reduced chi-squared:               0.0002
 Standard deviation of residuals:  1.8349e-07

 SPEIS: 5131
 ESS  : 97

 kappa credible regions:
  68.27 +- 4.6543 %:  (-1.4059e+00, -1.3931e+00)
                    U (-1.1905e+00, -3.3887e-01)
                    U (-3.2451e-01, -3.0609e-01)
  95.45 +- 2.0840 %:  (-1.7034e+00, -1.3295e-01)
  99.73 +- 0.5189 %:  (-2.2041e+00, -2.1822e+00)
                    U (-2.0971e+00,  4.5069e-02)
                    U ( 1.8109e-01,  2.0114e-01)

 g1 credible regions:
  68.27 +- 4.6543 %:  (-1.8252e-01,  6.1694e-01)
                    U ( 7.4978e-01,  7.5241e-01)
  95.45 +- 2.0840 %:  (-6.0116e-01, -5.6447e-01)
                    U (-3.3700e-01,  9.9889e-01)
  99.73 +- 0.5189 %:  (-8.8245e-01, -8.3071e-01)
                    U (-7.4962e-01,  9.9889e-01)

 g2 credible regions:
  68.27 +- 4.6543 %:  (-4.2012e-03,  1.2329e-01)
                    U ( 3.4186e-01,  1.4109e+00)
                    U ( 1.4695e+00,  1.8451e+00)
  95.45 +- 2.0840 %:  (-2.9009e-01,  2.3092e+00)
  99.73 +- 0.5189 %:  (-7.2982e-01, -5.6947e-01)
                    U (-5.2069e-01,  2.4979e+00)

 alpha credible regions:
  68.27 +- 4.6543 %:  ( 7.2166e-03,  3.6217e-01)
                    U ( 3.9941e-01,  5.0861e-01)
                    U ( 5.4045e-01,  6.2659e-01)
                    U ( 9.0189e-01,  9.6189e-01)
  95.45 +- 2.0840 %:  ( 3.2911e-04,  8.2483e-01)
                    U ( 8.8043e-01,  9.8115e-01)
  99.73 +- 0.5189 %:  ( 3.2911e-04,  9.9283e-01)

 beta credible regions:
  68.27 +- 4.6543 %:  ( 9.3110e-01,  9.4554e-01)
                    U ( 9.7038e-01,  1.0126e+00)
                    U ( 1.0237e+00,  1.0809e+00)
  95.45 +- 2.0840 %:  ( 8.8212e-01,  8.9207e-01)
                    U ( 8.9642e-01,  1.0919e+00)
  99.73 +- 0.5189 %:  ( 7.4814e-01,  7.4824e-01)
                    U ( 7.6562e-01,  7.9274e-01)
                    U ( 7.9625e-01,  8.4222e-01)
                    U ( 8.4414e-01,  1.0919e+00)

 H2O credible regions:
  68.27 +- 4.6543 %:  (-6.4567e+00, -6.2150e+00)
                    U (-6.0192e+00, -1.1325e+00)
  95.45 +- 2.0840 %:  (-7.9942e+00,  1.4022e-01)
  99.73 +- 0.5189 %:  (-7.9942e+00,  2.7256e+00)
                    U ( 2.7860e+00,  3.1087e+00)

 CO2 credible regions:
  68.27 +- 4.6543 %:  (-7.8329e+00, -7.7791e+00)
                    U (-7.3299e+00, -6.3895e+00)
                    U (-6.3803e+00, -6.0142e+00)
                    U (-5.7530e+00, -2.7211e+00)
  95.45 +- 2.0840 %:  (-7.9924e+00, -1.3239e+00)
  99.73 +- 0.5189 %:  (-7.9991e+00, -1.8363e-01)

 CO credible regions:
  68.27 +- 4.6543 %:  (-7.2481e+00, -6.9476e+00)
                    U (-6.3440e+00, -3.0716e+00)
                    U (-2.6791e+00, -6.7907e-01)
  95.45 +- 2.0840 %:  (-7.9987e+00,  4.6543e-01)
                    U ( 8.7080e-01,  1.1214e+00)
  99.73 +- 0.5189 %:  (-7.9987e+00,  2.6278e+00)
                    U ( 3.1329e+00,  3.2915e+00)
                    U ( 3.5728e+00,  4.7851e+00)

 CH4 credible regions:
  68.27 +- 4.6543 %:  (-6.7206e+00, -5.7582e+00)
                    U (-5.5425e+00, -2.4323e+00)
                    U (-1.7574e+00, -6.4076e-01)
  95.45 +- 2.0840 %:  (-7.8601e+00,  5.2943e-02)
  99.73 +- 0.5189 %:  (-7.9924e+00,  1.2206e+00)

 NH3 credible regions:
  68.27 +- 4.6543 %:  (-7.1462e+00, -1.5313e+00)
                    U (-1.1403e-01,  1.8631e+00)
  95.45 +- 2.0840 %:  (-7.8131e+00,  3.6644e+00)
  99.73 +- 0.5189 %:  (-7.9963e+00,  5.2400e+00)

