::::::::::::::::::::::::::::::::::::::::::::::::::::::::::::::::::::::
  Multi-Core Markov-Chain Monte Carlo (MC3).
  Version 1.3.2.
  Copyright (c) 2015-2020 Patricio Cubillos and collaborators.
  MC3 is open-source software under the MIT license (see LICENSE).
::::::::::::::::::::::::::::::::::::::::::::::::::::::::::::::::::::::

Start MCMC chains  (Thu Oct  8 17:52:08 2020)

[:         ]  10.0% completed  (Fri Oct  9 09:55:34 2020)
Out-of-bound Trials:
 [ 1554 10640  1429  8892  5862 16572  7812]
Best Parameters:   (chisq=185.4113)
[-1.83194189 -1.6261587   0.          0.          1.1579448
3.08043018
  2.80465076 -0.73693897  1.72919442]

[::        ]  20.0% completed  (Fri Oct  9 22:24:24 2020)
Out-of-bound Trials:
 [ 1646 14637  1779 11484  7842 37457 12951]
Best Parameters:   (chisq=184.8110)
[-1.78817361 -1.63905561  0.          0.          1.15444597
3.10384135
  2.85218515  2.48713366  1.84791255]

[:::       ]  30.0% completed  (Sat Oct 10 10:49:48 2020)
Out-of-bound Trials:
 [ 1721 17436  2052 13130  9045 59566 17187]
Best Parameters:   (chisq=184.8110)
[-1.78817361 -1.63905561  0.          0.          1.15444597
3.10384135
  2.85218515  2.48713366  1.84791255]

[::::      ]  40.0% completed  (Sat Oct 10 23:24:39 2020)
Out-of-bound Trials:
 [ 1792 19803  2259 14370  9994 81429 20599]
Best Parameters:   (chisq=184.8110)
[-1.78817361 -1.63905561  0.          0.          1.15444597
3.10384135
  2.85218515  2.48713366  1.84791255]

[:::::     ]  50.0% completed  (Sun Oct 11 11:45:36 2020)
Out-of-bound Trials:
 [  1864  21795   2461  15366  10736 104022  24090]
Best Parameters:   (chisq=184.8110)
[-1.78817361 -1.63905561  0.          0.          1.15444597
3.10384135
  2.85218515  2.48713366  1.84791255]

[::::::    ]  60.0% completed  (Mon Oct 12 00:04:27 2020)
Out-of-bound Trials:
 [  1942  23681   2631  16337  11378 125939  27784]
Best Parameters:   (chisq=184.8110)
[-1.78817361 -1.63905561  0.          0.          1.15444597
3.10384135
  2.85218515  2.48713366  1.84791255]
Gelman-Rubin statistic for free parameters:
[1.00394924 1.00149187 1.00163706 1.01023629 1.00905406 1.00824546
 1.01413095]

[:::::::   ]  70.0% completed  (Mon Oct 12 12:21:53 2020)
Out-of-bound Trials:
 [  2023  25388   2817  17163  11919 148389  31476]
Best Parameters:   (chisq=184.8110)
[-1.78817361 -1.63905561  0.          0.          1.15444597
3.10384135
  2.85218515  2.48713366  1.84791255]
Gelman-Rubin statistic for free parameters:
[1.00403194 1.00176516 1.00249589 1.00486494 1.00199699 1.00425147
 1.01128092]

[::::::::  ]  80.0% completed  (Tue Oct 13 00:38:47 2020)
Out-of-bound Trials:
 [  2089  27031   2953  17863  12434 170266  35142]
Best Parameters:   (chisq=184.8110)
[-1.78817361 -1.63905561  0.          0.          1.15444597
3.10384135
  2.85218515  2.48713366  1.84791255]
Gelman-Rubin statistic for free parameters:
[1.00403817 1.00106738 1.00165258 1.00514785 1.0033026  1.00337562
 1.00910482]
All parameters have converged to within 1% of unity.

[::::::::: ]  90.0% completed  (Tue Oct 13 12:57:45 2020)
Out-of-bound Trials:
 [  2160  28579   3103  18512  12914 192549  38448]
Best Parameters:   (chisq=184.8110)
[-1.78817361 -1.63905561  0.          0.          1.15444597
3.10384135
  2.85218515  2.48713366  1.84791255]
Gelman-Rubin statistic for free parameters:
[1.00316023 1.00097919 1.00162895 1.002963   1.00267644 1.00187954
 1.00395397]
All parameters have converged to within 1% of unity.

[::::::::::] 100.0% completed  (Wed Oct 14 01:23:21 2020)
Out-of-bound Trials:
 [  2214  30123   3254  19165  13330 215775  41928]
Best Parameters:   (chisq=184.8110)
[-1.78817361 -1.63905561  0.          0.          1.15444597
3.10384135
  2.85218515  2.48713366  1.84791255]
Gelman-Rubin statistic for free parameters:
[1.00186829 1.0012118  1.0014132  1.00214896 1.00198907 1.00089345
 1.00350381]
All parameters have converged to within 1% of unity.

Fin, MCMC Summary:
------------------
 Burned in iterations per chain:  50000
 Number of iterations per chain: 100000
 MCMC sample size:               500000
 Acceptance rate:   12.10%

 Best-fit params   Uncertainties        S/N      Sample Mean   Note
  -1.7881736e+00   1.8653657e-01       9.59   -1.7506194e+00
  -1.6390556e+00   1.6345778e-01      10.03   -1.4272104e+00
   0.0000000e+00             0.0        ---              ---   Fixed
   0.0000000e+00             0.0        ---              ---   Fixed
   1.1544460e+00   1.0922539e-02     105.69    1.1527605e+00
   3.1038413e+00   3.0147323e-01      10.30    3.2504089e+00
   2.8521851e+00   2.6833216e-01      10.63    2.8766400e+00
   2.4871337e+00   3.5688915e+00       0.70   -4.9574501e-01
   1.8479125e+00   1.6697745e+00       1.11    1.1690283e+00

 Best-parameter's chi-squared:     184.8110
 Bayesian Information Criterion:   214.1386
 Reduced chi-squared:                3.1324
 Standard deviation of residuals:  0.000328373

 SPEIS: 679
 ESS  : 736

 kappa credible regions:
  68.27 +- 1.7121 %:  (-1.9576e+00, -1.6017e+00)
  95.45 +- 0.7666 %:  (-2.1018e+00, -1.3634e+00)
  99.73 +- 0.1909 %:  (-2.2372e+00, -1.0664e+00)
                    U (-1.0570e+00, -1.0217e+00)
                    U (-9.6924e-01, -9.6779e-01)

 g1 credible regions:
  68.27 +- 1.7121 %:  (-1.6396e+00, -1.3528e+00)
  95.45 +- 0.7666 %:  (-1.6639e+00, -1.0903e+00)
  99.73 +- 0.1909 %:  (-1.6852e+00, -8.7096e-01)

 beta credible regions:
  68.27 +- 1.7121 %:  ( 1.1427e+00,  1.1643e+00)
  95.45 +- 0.7666 %:  ( 1.1307e+00,  1.1742e+00)
  99.73 +- 0.1909 %:  ( 1.1164e+00,  1.1836e+00)

 H2O credible regions:
  68.27 +- 1.7121 %:  ( 2.9193e+00,  3.4947e+00)
  95.45 +- 0.7666 %:  ( 2.6651e+00,  3.8736e+00)
  99.73 +- 0.1909 %:  ( 2.4401e+00,  4.4016e+00)

 CO2 credible regions:
  68.27 +- 1.7121 %:  ( 2.6097e+00,  3.1331e+00)
  95.45 +- 0.7666 %:  ( 2.3305e+00,  3.4211e+00)
  99.73 +- 0.1909 %:  ( 2.0281e+00,  3.7675e+00)
                    U ( 3.7940e+00,  3.8169e+00)

 CO credible regions:
  68.27 +- 1.7121 %:  (-5.3760e+00, -4.8969e+00)
                    U (-3.3903e+00, -3.0219e+00)
                    U (-2.4443e+00, -1.8545e+00)
                    U (-1.2988e+00,  5.0534e+00)
  95.45 +- 0.7666 %:  (-6.3549e+00, -3.9363e+00)
                    U (-3.9278e+00,  5.0705e+00)
  99.73 +- 0.1909 %:  (-6.9300e+00,  5.1592e+00)

 CH4 credible regions:
  68.27 +- 1.7121 %:  ( 1.2340e+00,  2.2340e+00)
  95.45 +- 0.7666 %:  (-6.1476e+00, -5.7917e+00)
                    U (-4.7150e+00, -4.1036e+00)
                    U (-2.9614e+00, -2.2569e+00)
                    U (-2.1332e+00, -1.1546e+00)
                    U (-8.8469e-01,  2.7728e+00)
  99.73 +- 0.1909 %:  (-6.8551e+00,  2.7964e+00)

