::::::::::::::::::::::::::::::::::::::::::::::::::::::::::::::::::::::
  Multi-Core Markov-Chain Monte Carlo (MC3).
  Version 1.3.2.
  Copyright (c) 2015-2020 Patricio Cubillos and collaborators.
  MC3 is open-source software under the MIT license (see LICENSE).
::::::::::::::::::::::::::::::::::::::::::::::::::::::::::::::::::::::

Start MCMC chains  (Sat Oct 10 01:22:49 2020)

[:         ]  10.0% completed  (Sat Oct 10 11:53:10 2020)
Out-of-bound Trials:
 [37343 25368 20528 38636 16781    62 14810  6883 31942  3090 23303]
Best Parameters:   (chisq=0.5806)
[-2.37290228e+00 -1.22958294e+00 -2.11043948e+00  4.56633094e-01
  8.94405507e-01  8.13928113e+04  1.92798387e+00  1.09459118e+00
  2.34277107e+00  6.63301209e-01  2.72125696e+00]

[::        ]  20.0% completed  (Sat Oct 10 22:28:00 2020)
Out-of-bound Trials:
 [80034 50937 40750 78131 31797    68 30754 17207 67405  7745 47593]
Best Parameters:   (chisq=0.5346)
[-2.55602415e+00 -2.62695735e+00 -2.26945127e+00  6.11198350e-01
  8.72156816e-01  8.14011633e+04  1.94655628e+00  1.17288305e+00
  2.10649897e+00  7.93424768e-01 -2.37699164e+00]

[:::       ]  30.0% completed  (Sun Oct 11 08:51:36 2020)
Out-of-bound Trials:
 [123742  78847  62529 119082  48349     71  44635  27096 100839
12163
  73347]
Best Parameters:   (chisq=0.5346)
[-2.55602415e+00 -2.62695735e+00 -2.26945127e+00  6.11198350e-01
  8.72156816e-01  8.14011633e+04  1.94655628e+00  1.17288305e+00
  2.10649897e+00  7.93424768e-01 -2.37699164e+00]
Gelman-Rubin statistic for free parameters:
[1.02930061 1.05133865 1.05126454 1.03002607 1.02403997 1.01929848
 1.01360827 1.02690871 1.02300647 1.02288049 1.04428615]

[::::      ]  40.0% completed  (Sun Oct 11 19:16:13 2020)
Out-of-bound Trials:
 [166060 107225  82337 159853  66791     76  58970  36890 136236
16086
 102130]
Best Parameters:   (chisq=0.5346)
[-2.55602415e+00 -2.62695735e+00 -2.26945127e+00  6.11198350e-01
  8.72156816e-01  8.14011633e+04  1.94655628e+00  1.17288305e+00
  2.10649897e+00  7.93424768e-01 -2.37699164e+00]
Gelman-Rubin statistic for free parameters:
[1.02550626 1.02023826 1.01183891 1.01610588 1.00863976 1.02032677
 1.01740155 1.0129667  1.01116226 1.01740835 1.01187829]

[:::::     ]  50.0% completed  (Mon Oct 12 05:37:33 2020)
Out-of-bound Trials:
 [209974 135946 103926 201490  85241     76  75139  48000 172860
20369
 128464]
Best Parameters:   (chisq=0.5346)
[-2.55602415e+00 -2.62695735e+00 -2.26945127e+00  6.11198350e-01
  8.72156816e-01  8.14011633e+04  1.94655628e+00  1.17288305e+00
  2.10649897e+00  7.93424768e-01 -2.37699164e+00]
Gelman-Rubin statistic for free parameters:
[1.01894842 1.01082159 1.00194042 1.01326355 1.00513439 1.01652715
 1.0117487  1.01311343 1.01019325 1.01438797 1.01157021]

[::::::    ]  60.0% completed  (Mon Oct 12 15:58:45 2020)
Out-of-bound Trials:
 [254971 163142 128317 246053 103558     78  94612  60286 209126
26556
 155939]
Best Parameters:   (chisq=0.5346)
[-2.55602415e+00 -2.62695735e+00 -2.26945127e+00  6.11198350e-01
  8.72156816e-01  8.14011633e+04  1.94655628e+00  1.17288305e+00
  2.10649897e+00  7.93424768e-01 -2.37699164e+00]
Gelman-Rubin statistic for free parameters:
[1.01053306 1.00531454 1.0059978  1.0115663  1.00866073 1.00876462
 1.00637156 1.00921785 1.00387528 1.00631624 1.01269481]

[:::::::   ]  70.0% completed  (Tue Oct 13 02:21:32 2020)
Out-of-bound Trials:
 [295362 189866 150555 288327 123748     78 110253  70633 248555
30597
 182194]
Best Parameters:   (chisq=0.3183)
[-3.82047760e+00 -7.73261996e-01 -2.32393771e+00  6.01289274e-01
  8.85178881e-01  8.14059071e+04  1.77929584e+00  1.08107408e+00
  1.97357817e+00  7.98951162e-01  3.25126140e+00]
Gelman-Rubin statistic for free parameters:
[1.00952788 1.00445884 1.00453948 1.00604179 1.00374154 1.00785254
 1.00411787 1.00554409 1.00635963 1.00576173 1.00831527]
All parameters have converged to within 1% of unity.

[::::::::  ]  80.0% completed  (Tue Oct 13 12:47:30 2020)
Out-of-bound Trials:
 [339702 215554 169937 329626 140240     79 124970  80419 284527
34762
 211029]
Best Parameters:   (chisq=0.3183)
[-3.82047760e+00 -7.73261996e-01 -2.32393771e+00  6.01289274e-01
  8.85178881e-01  8.14059071e+04  1.77929584e+00  1.08107408e+00
  1.97357817e+00  7.98951162e-01  3.25126140e+00]
Gelman-Rubin statistic for free parameters:
[1.01002718 1.00349758 1.00282612 1.00329769 1.00259079 1.0221564
 1.00657219 1.00821604 1.00753991 1.01022896 1.00713644]

[::::::::: ]  90.0% completed  (Tue Oct 13 23:21:59 2020)
Out-of-bound Trials:
 [384754 246184 191492 370063 159522     80 138853  90165 319788
39585
 238820]
Best Parameters:   (chisq=0.3183)
[-3.82047760e+00 -7.73261996e-01 -2.32393771e+00  6.01289274e-01
  8.85178881e-01  8.14059071e+04  1.77929584e+00  1.08107408e+00
  1.97357817e+00  7.98951162e-01  3.25126140e+00]
Gelman-Rubin statistic for free parameters:
[1.00886057 1.00361381 1.00240184 1.00336911 1.00310124 1.01686755
 1.00739008 1.00932941 1.00658087 1.00967625 1.00539132]

[::::::::::] 100.0% completed  (Wed Oct 14 09:40:38 2020)
Out-of-bound Trials:
 [428859 272710 211464 410128 177619     80 155922 102188 356365
45164
 266090]
Best Parameters:   (chisq=0.3183)
[-3.82047760e+00 -7.73261996e-01 -2.32393771e+00  6.01289274e-01
  8.85178881e-01  8.14059071e+04  1.77929584e+00  1.08107408e+00
  1.97357817e+00  7.98951162e-01  3.25126140e+00]
Gelman-Rubin statistic for free parameters:
[1.00841931 1.00328922 1.00305821 1.00211124 1.00384951 1.01199689
 1.00563433 1.00728329 1.0070357  1.00712959 1.00463115]

Fin, MCMC Summary:
------------------
 Burned in iterations per chain:   50000
 Number of iterations per chain:  200000
 MCMC sample size:               1500000
 Acceptance rate:   2.59%

 Best-fit params   Uncertainties        S/N      Sample Mean   Note
  -3.8204776e+00   1.4817741e+00       2.58   -1.7078563e+00
  -7.7326200e-01   1.2402660e+00       0.62   -1.2966681e+00
  -2.3239377e+00   1.4551058e+00       1.60   -1.0016609e+00
   6.0128927e-01   2.9201937e-01       2.06    4.9415816e-01
   8.8517888e-01   1.4801577e-01       5.98    7.6824473e-01
   8.1405907e+04   2.2760570e+02     357.66    8.1260657e+04
   1.7792958e+00   1.2170967e+00       1.46    2.5632673e+00
   1.0810741e+00   1.3227085e+00       0.82    1.9755346e+00
   1.9735782e+00   3.5965053e+00       0.55   -1.0634561e+00
   7.9895116e-01   1.1383444e+00       0.70    1.4372246e+00
   3.2512614e+00   3.8509448e+00       0.84   -1.3834878e+00

 Best-parameter's chi-squared:      0.3183
 Bayesian Information Criterion:   42.6699
 Reduced chi-squared:               0.0088
 Standard deviation of residuals:  6.6224e-06

 SPEIS: 8129
 ESS  : 184

 kappa credible regions:
  68.27 +- 3.4036 %:  (-3.9599e+00, -2.2429e+00)
                    U (-8.7734e-01,  3.9469e-01)
                    U ( 7.1820e-01,  7.5521e-01)
  95.45 +- 1.5240 %:  (-3.9759e+00, -1.8919e+00)
                    U (-1.7964e+00, -1.1959e+00)
                    U (-1.1393e+00,  8.3971e-01)
  99.73 +- 0.3795 %:  (-3.9999e+00,  9.6521e-01)

 g1 credible regions:
  68.27 +- 3.4036 %:  (-2.4157e+00,  2.5577e-01)
  95.45 +- 1.5240 %:  (-3.5567e+00,  9.3976e-01)
  99.73 +- 0.3795 %:  (-3.9596e+00,  9.9526e-01)

 g2 credible regions:
  68.27 +- 3.4036 %:  (-2.4957e+00,  5.4793e-01)
  95.45 +- 1.5240 %:  (-3.9507e+00,  1.5030e+00)
                    U ( 1.5465e+00,  1.5880e+00)
  99.73 +- 0.3795 %:  (-4.0000e+00,  2.3879e+00)

 alpha credible regions:
  68.27 +- 3.4036 %:  ( 1.5616e-02,  1.9142e-01)
                    U ( 2.7242e-01,  4.2013e-01)
                    U ( 4.5913e-01,  6.0363e-01)
                    U ( 6.5483e-01,  6.5823e-01)
                    U ( 7.4194e-01,  8.4724e-01)
                    U ( 8.8284e-01,  9.6744e-01)
  95.45 +- 1.5240 %:  ( 1.3216e-02,  2.3422e-01)
                    U ( 2.5112e-01,  9.7414e-01)
  99.73 +- 0.3795 %:  ( 2.1538e-04,  9.9524e-01)

 beta credible regions:
  68.27 +- 3.4036 %:  ( 5.9805e-01,  8.8303e-01)
  95.45 +- 1.5240 %:  ( 5.0231e-01,  1.0525e+00)
  99.73 +- 0.3795 %:  ( 5.0007e-01,  1.2327e+00)
                    U ( 1.2745e+00,  1.2970e+00)

 R_p credible regions:
  68.27 +- 3.4036 %:  ( 8.1179e+04,  8.1528e+04)
  95.45 +- 1.5240 %:  ( 8.0758e+04,  8.0830e+04)
                    U ( 8.0836e+04,  8.1566e+04)
  99.73 +- 0.3795 %:  ( 8.0355e+04,  8.0407e+04)
                    U ( 8.0447e+04,  8.1609e+04)

 H2O credible regions:
  68.27 +- 3.4036 %:  ( 9.5957e-01,  2.9176e+00)
                    U ( 3.9689e+00,  4.5740e+00)
  95.45 +- 1.5240 %:  ( 6.4642e-01,  4.7514e+00)
  99.73 +- 0.3795 %:  ( 5.8338e-02,  4.9868e+00)

 CO2 credible regions:
  68.27 +- 3.4036 %:  ( 2.6241e-01,  2.3275e+00)
                    U ( 3.3738e+00,  4.1559e+00)
  95.45 +- 1.5240 %:  (-1.5940e-01,  4.3674e+00)
  99.73 +- 0.3795 %:  (-7.3939e-01,  4.6334e+00)

 CO credible regions:
  68.27 +- 3.4036 %:  (-5.9499e+00, -5.7598e+00)
                    U (-3.9649e+00, -2.9497e+00)
                    U (-2.1803e+00,  4.2352e+00)
  95.45 +- 1.5240 %:  (-7.7500e+00, -6.8862e+00)
                    U (-6.6806e+00, -5.2593e+00)
                    U (-5.2309e+00,  4.3231e+00)
  99.73 +- 0.3795 %:  (-7.9983e+00,  4.7473e+00)

 CH4 credible regions:
  68.27 +- 3.4036 %:  ( 1.0826e-03,  2.0371e+00)
  95.45 +- 1.5240 %:  (-2.0110e-01,  3.8636e+00)
  99.73 +- 0.3795 %:  (-5.9561e-01,  4.6902e+00)

 NH3 credible regions:
  68.27 +- 3.4036 %:  (-7.5282e+00, -7.4952e+00)
                    U (-6.0194e+00, -4.1924e+00)
                    U (-3.3466e+00, -2.4757e+00)
                    U (-2.4158e+00,  3.6117e+00)
  95.45 +- 1.5240 %:  (-7.9834e+00,  4.8449e+00)
  99.73 +- 0.3795 %:  (-7.9992e+00,  6.9947e+00)

