::::::::::::::::::::::::::::::::::::::::::::::::::::::::::::::::::::::
  Multi-Core Markov-Chain Monte Carlo (MC3).
  Version 1.3.2.
  Copyright (c) 2015-2020 Patricio Cubillos and collaborators.
  MC3 is open-source software under the MIT license (see LICENSE).
::::::::::::::::::::::::::::::::::::::::::::::::::::::::::::::::::::::

Start MCMC chains  (Wed Oct 14 10:27:39 2020)

[:         ]  10.0% completed  (Wed Oct 14 23:56:47 2020)
Out-of-bound Trials:
 [35954 23039 19311 40447 17255    66  5149  3850 30968  1774 23650]
Best Parameters:   (chisq=0.5150)
[-3.90079477e+00 -3.30720557e+00 -2.61598924e+00  5.72990261e-02
  1.06933906e+00  8.12950991e+04  2.07721023e+00  1.23843463e+00
  2.68480564e+00  9.42556927e-01  2.90176092e+00]

[::        ]  20.0% completed  (Thu Oct 15 13:35:52 2020)
Out-of-bound Trials:
 [79968 54661 39823 85676 33337    74 10205  7810 62073  3552 49556]
Best Parameters:   (chisq=0.4093)
[-1.97044963e+00 -1.59285250e+00 -8.38243371e-01  1.40498829e-01
  1.10497503e+00  8.14057561e+04  1.48295050e+00  8.18700565e-01
  1.35694798e+00  6.28187692e-01 -4.45755376e+00]

[:::       ]  30.0% completed  (Fri Oct 16 03:13:40 2020)
Out-of-bound Trials:
 [122200  86493  60972 127181  49746     75  16390  12653  93887
5481
  74573]
Best Parameters:   (chisq=0.4093)
[-1.97044963e+00 -1.59285250e+00 -8.38243371e-01  1.40498829e-01
  1.10497503e+00  8.14057561e+04  1.48295050e+00  8.18700565e-01
  1.35694798e+00  6.28187692e-01 -4.45755376e+00]
Gelman-Rubin statistic for free parameters:
[1.01895662 1.02554956 1.05229732 1.02126782 1.02909231 1.0594309
 1.03237032 1.02948833 1.02644516 1.02975204 1.02364078]

[::::      ]  40.0% completed  (Fri Oct 16 16:49:46 2020)
Out-of-bound Trials:
 [165778 118590  83186 167564  64686     76  22827  17564 127117
7665
  99999]
Best Parameters:   (chisq=0.4093)
[-1.97044963e+00 -1.59285250e+00 -8.38243371e-01  1.40498829e-01
  1.10497503e+00  8.14057561e+04  1.48295050e+00  8.18700565e-01
  1.35694798e+00  6.28187692e-01 -4.45755376e+00]
Gelman-Rubin statistic for free parameters:
[1.01052992 1.00647275 1.02218397 1.0066086  1.013111   1.03327601
 1.01508271 1.01484014 1.01057618 1.01871131 1.00917954]

[:::::     ]  50.0% completed  (Sat Oct 17 06:25:28 2020)
Out-of-bound Trials:
 [209820 151814 106588 213213  82349     76  31547  23009 160361
10044
 126984]
Best Parameters:   (chisq=0.4093)
[-1.97044963e+00 -1.59285250e+00 -8.38243371e-01  1.40498829e-01
  1.10497503e+00  8.14057561e+04  1.48295050e+00  8.18700565e-01
  1.35694798e+00  6.28187692e-01 -4.45755376e+00]
Gelman-Rubin statistic for free parameters:
[1.02220731 1.00956102 1.01300318 1.00286546 1.00816065 1.02794617
 1.02321252 1.02053791 1.00896736 1.02687751 1.00552071]

[::::::    ]  60.0% completed  (Sat Oct 17 20:00:02 2020)
Out-of-bound Trials:
 [255796 181393 128897 256803  96644     78  40888  29242 194449
12965
 153901]
Best Parameters:   (chisq=0.4093)
[-1.97044963e+00 -1.59285250e+00 -8.38243371e-01  1.40498829e-01
  1.10497503e+00  8.14057561e+04  1.48295050e+00  8.18700565e-01
  1.35694798e+00  6.28187692e-01 -4.45755376e+00]
Gelman-Rubin statistic for free parameters:
[1.02748049 1.00927437 1.01326551 1.00520144 1.01046556 1.02907344
 1.03305305 1.02855538 1.01307614 1.03841353 1.00265788]

[:::::::   ]  70.0% completed  (Sun Oct 18 09:41:24 2020)
Out-of-bound Trials:
 [299414 212439 152333 299029 113002     78  46737  34131 227349
15146
 180350]
Best Parameters:   (chisq=0.3689)
[-3.08030829e+00  2.53214653e-01 -2.41241103e+00  1.32392954e-01
  9.19176497e-01  8.14254305e+04  1.59830117e+00  7.35373770e-01
 -5.60099310e+00  3.33407110e-01 -5.94567722e+00]
Gelman-Rubin statistic for free parameters:
[1.01619094 1.00684625 1.00836136 1.00440452 1.00665754 1.01938961
 1.01924716 1.01587398 1.00692427 1.02321357 1.00227902]

[::::::::  ]  80.0% completed  (Sun Oct 18 22:24:48 2020)
Out-of-bound Trials:
 [344934 242047 174079 341661 127245     79  54657  39853 259703
17791
 204491]
Best Parameters:   (chisq=0.3689)
[-3.08030829e+00  2.53214653e-01 -2.41241103e+00  1.32392954e-01
  9.19176497e-01  8.14254305e+04  1.59830117e+00  7.35373770e-01
 -5.60099310e+00  3.33407110e-01 -5.94567722e+00]
Gelman-Rubin statistic for free parameters:
[1.01141837 1.00518205 1.00566568 1.00255292 1.00677733 1.01553651
 1.01385946 1.01281024 1.00576962 1.01570106 1.00094697]

[::::::::: ]  90.0% completed  (Mon Oct 19 12:50:49 2020)
Out-of-bound Trials:
 [390247 271776 195997 384512 142787     80  63780  46202 291674
20896
 231245]
Best Parameters:   (chisq=0.3689)
[-3.08030829e+00  2.53214653e-01 -2.41241103e+00  1.32392954e-01
  9.19176497e-01  8.14254305e+04  1.59830117e+00  7.35373770e-01
 -5.60099310e+00  3.33407110e-01 -5.94567722e+00]
Gelman-Rubin statistic for free parameters:
[1.01062116 1.00447386 1.00438511 1.00185749 1.00646346 1.01793955
 1.01369953 1.01307441 1.00425262 1.01608545 1.0007376 ]

[::::::::::] 100.0% completed  (Tue Oct 20 03:19:52 2020)
Out-of-bound Trials:
 [434065 302226 216608 427204 157875     81  72911  52865 325279
24176
 258968]
Best Parameters:   (chisq=0.3689)
[-3.08030829e+00  2.53214653e-01 -2.41241103e+00  1.32392954e-01
  9.19176497e-01  8.14254305e+04  1.59830117e+00  7.35373770e-01
 -5.60099310e+00  3.33407110e-01 -5.94567722e+00]
Gelman-Rubin statistic for free parameters:
[1.00946411 1.00362405 1.00401541 1.00126623 1.00563808 1.01507902
 1.01215226 1.01154931 1.00387376 1.01344122 1.00097041]

Fin, MCMC Summary:
------------------
 Burned in iterations per chain:   50000
 Number of iterations per chain:  200000
 MCMC sample size:               1500000
 Acceptance rate:   2.54%

 Best-fit params   Uncertainties        S/N      Sample Mean   Note
  -3.0803083e+00   1.4808053e+00       2.08   -1.9774926e+00
   2.5321465e-01   1.2610775e+00       0.20   -1.0858743e+00
  -2.4124110e+00   1.4970113e+00       1.61   -7.8093373e-01
   1.3239295e-01   2.9615054e-01       0.45    4.9694630e-01
   9.1917650e-01   1.5847704e-01       5.80    9.2750085e-01
   8.1425430e+04   2.3877587e+02     341.01    8.1262210e+04
   1.5983012e+00   1.0516547e+00       1.52    2.2762597e+00
   7.3537377e-01   1.1358052e+00       0.65    1.6789802e+00
  -5.6009931e+00   3.4658746e+00       1.62   -1.0092956e+00
   3.3340711e-01   9.9246199e-01       0.34    1.1998039e+00
  -5.9456772e+00   3.6906402e+00       1.61   -1.7337075e+00

 Best-parameter's chi-squared:      0.3689
 Bayesian Information Criterion:   42.7205
 Reduced chi-squared:               0.0102
 Standard deviation of residuals:  7.10267e-06

 SPEIS: 9204
 ESS  : 162

 kappa credible regions:
  68.27 +- 3.6234 %:  (-3.9997e+00, -2.1652e+00)
                    U (-1.5787e+00, -1.4577e+00)
                    U (-1.1282e+00, -9.1218e-01)
                    U (-8.3368e-01, -4.6867e-01)
                    U (-4.0367e-01, -1.1617e-01)
  95.45 +- 1.6224 %:  (-3.9997e+00,  2.6336e-02)
                    U ( 1.6434e-01,  4.4284e-01)
                    U ( 4.4884e-01,  7.7035e-01)
  99.73 +- 0.4040 %:  (-3.9997e+00,  9.6486e-01)

 g1 credible regions:
  68.27 +- 3.6234 %:  (-1.8588e+00,  6.9131e-01)
  95.45 +- 1.6224 %:  (-3.5282e+00, -3.4453e+00)
                    U (-3.4138e+00,  9.8771e-01)
  99.73 +- 0.4040 %:  (-3.9551e+00,  9.9970e-01)

 g2 credible regions:
  68.27 +- 3.6234 %:  (-2.1232e+00,  1.0189e+00)
  95.45 +- 1.6224 %:  (-3.9050e+00,  1.6947e+00)
  99.73 +- 0.4040 %:  (-3.9980e+00,  2.4024e+00)

 alpha credible regions:
  68.27 +- 3.6234 %:  ( 1.7403e-02,  2.2635e-01)
                    U ( 2.7634e-01,  3.0773e-01)
                    U ( 4.9159e-01,  6.3606e-01)
                    U ( 7.0934e-01,  7.5753e-01)
                    U ( 7.5773e-01,  9.8088e-01)
  95.45 +- 1.6224 %:  ( 1.4403e-02,  3.4523e-01)
                    U ( 3.7102e-01,  9.8378e-01)
  99.73 +- 0.4040 %:  ( 1.9063e-03,  9.9677e-01)

 beta credible regions:
  68.27 +- 3.6234 %:  ( 7.7368e-01,  1.0933e+00)
  95.45 +- 1.6224 %:  ( 6.1265e-01,  1.2504e+00)
  99.73 +- 0.4040 %:  ( 5.2069e-01,  1.2999e+00)

 R_p credible regions:
  68.27 +- 3.6234 %:  ( 8.1220e+04,  8.1518e+04)
  95.45 +- 1.6224 %:  ( 8.0670e+04,  8.0732e+04)
                    U ( 8.0758e+04,  8.1562e+04)
  99.73 +- 0.4040 %:  ( 8.0357e+04,  8.1615e+04)

 H2O credible regions:
  68.27 +- 3.6234 %:  ( 9.0267e-01,  2.7615e+00)
                    U ( 4.1760e+00,  4.2610e+00)
  95.45 +- 1.6224 %:  ( 7.8866e-01,  4.4987e+00)
  99.73 +- 0.4040 %:  ( 3.7434e-01,  4.7593e+00)

 CO2 credible regions:
  68.27 +- 3.6234 %:  ( 1.6988e-01,  2.2643e+00)
                    U ( 3.6392e+00,  3.6605e+00)
  95.45 +- 1.6224 %:  ( 1.0441e-02,  4.0399e+00)
  99.73 +- 0.4040 %:  (-3.3639e-01,  4.3981e+00)

 CO credible regions:
  68.27 +- 3.6234 %:  (-4.2391e+00, -3.7626e+00)
                    U (-2.7005e+00,  3.9933e+00)
  95.45 +- 1.6224 %:  (-7.6418e+00, -6.0148e+00)
                    U (-5.8316e+00,  4.1214e+00)
  99.73 +- 0.4040 %:  (-7.9992e+00,  4.5339e+00)

 CH4 credible regions:
  68.27 +- 3.6234 %:  ( 5.0187e-02,  1.4999e+00)
  95.45 +- 1.6224 %:  (-1.4004e-01,  3.3213e+00)
                    U ( 3.3672e+00,  3.6006e+00)
  99.73 +- 0.4040 %:  (-5.2051e-01,  4.2364e+00)
                    U ( 4.4135e+00,  4.4933e+00)

 NH3 credible regions:
  68.27 +- 3.6234 %:  (-7.4836e+00, -3.0569e+00)
                    U (-3.0138e+00, -3.0352e-02)
                    U ( 1.0755e+00,  1.5561e+00)
                    U ( 2.2199e+00,  2.6943e+00)
  95.45 +- 1.6224 %:  (-7.9472e+00,  4.3085e+00)
  99.73 +- 0.4040 %:  (-7.9995e+00,  6.2338e+00)

