::::::::::::::::::::::::::::::::::::::::::::::::::::::::::::::::::::::
  Multi-Core Markov-Chain Monte Carlo (MC3).
  Version 1.3.2.
  Copyright (c) 2015-2020 Patricio Cubillos and collaborators.
  MC3 is open-source software under the MIT license (see LICENSE).
::::::::::::::::::::::::::::::::::::::::::::::::::::::::::::::::::::::

Start MCMC chains  (Sun Oct 18 16:55:28 2020)

[:         ]  10.0% completed  (Mon Oct 19 12:55:11 2020)
Out-of-bound Trials:
 [16138  9778 26470 33837   106  2549  1127  1332  1911 11790]
Best Parameters:   (chisq=1.1122)
[-3.00384063  0.22340979 -3.33010814  0.06110357  0.79963208
1.70178067
  1.01404775  1.92592179  0.7253336   3.19903297]

[::        ]  20.0% completed  (Tue Oct 20 08:37:25 2020)
Out-of-bound Trials:
 [21781 13257 48360 62381   108  2762  1178  1812  1973 29674]
Best Parameters:   (chisq=1.1122)
[-3.00384063  0.22340979 -3.33010814  0.06110357  0.79963208
1.70178067
  1.01404775  1.92592179  0.7253336   3.19903297]

[:::       ]  30.0% completed  (Wed Oct 21 04:31:42 2020)
Out-of-bound Trials:
 [25466 15710 69219 91003   108  2869  1199  2443  2006 48739]
Best Parameters:   (chisq=0.9660)
[-3.12890241  0.2646171  -3.98741027  0.14366437  0.79745808
1.68255156
  1.04576346  1.79098017  0.7029707   2.95221545]
Gelman-Rubin statistic for free parameters:
[1.20684978 1.37210805 1.06268442 1.24475178 1.26218912 1.03874999
 1.02275486 1.04608449 1.03279308 1.03516693]

[::::      ]  40.0% completed  (Thu Oct 22 00:43:13 2020)
Out-of-bound Trials:
 [ 28416  17945  89215 118477    108   2942   1217   3077   2038
68733]
Best Parameters:   (chisq=0.9660)
[-3.12890241  0.2646171  -3.98741027  0.14366437  0.79745808
1.68255156
  1.04576346  1.79098017  0.7029707   2.95221545]
Gelman-Rubin statistic for free parameters:
[1.14440991 1.24939548 1.02748119 1.16631997 1.15316768 1.01691778
 1.00568225 1.01106436 1.01443015 1.01352606]

[:::::     ]  50.0% completed  (Thu Oct 22 20:29:42 2020)
Out-of-bound Trials:
 [ 30883  19669 110193 147523    108   3009   1233   4119   2052
88235]
Best Parameters:   (chisq=0.9660)
[-3.12890241  0.2646171  -3.98741027  0.14366437  0.79745808
1.68255156
  1.04576346  1.79098017  0.7029707   2.95221545]
Gelman-Rubin statistic for free parameters:
[1.04688844 1.08014036 1.00862868 1.05097085 1.05399111 1.01023888
 1.00164148 1.01299973 1.00630297 1.00546776]

[::::::    ]  60.0% completed  (Fri Oct 23 15:51:40 2020)
Out-of-bound Trials:
 [ 33087  21213 131130 175888    109   3068   1247   4957   2065
108258]
Best Parameters:   (chisq=0.9660)
[-3.12890241  0.2646171  -3.98741027  0.14366437  0.79745808
1.68255156
  1.04576346  1.79098017  0.7029707   2.95221545]
Gelman-Rubin statistic for free parameters:
[1.01244108 1.02241776 1.01150626 1.01657613 1.02309482 1.00529137
 1.00067148 1.00776352 1.00311509 1.00640212]

[:::::::   ]  70.0% completed  (Sat Oct 24 11:15:10 2020)
Out-of-bound Trials:
 [ 35049  22618 150742 201302    109   3106   1257   5704   2079
128348]
Best Parameters:   (chisq=0.9660)
[-3.12890241  0.2646171  -3.98741027  0.14366437  0.79745808
1.68255156
  1.04576346  1.79098017  0.7029707   2.95221545]
Gelman-Rubin statistic for free parameters:
[1.00640764 1.0077791  1.02349477 1.015426   1.02281339 1.00536647
 1.00338634 1.00635293 1.00347472 1.00434107]

[::::::::  ]  80.0% completed  (Sun Oct 25 03:57:55 2020)
Out-of-bound Trials:
 [ 36910  23991 171047 229366    109   3140   1274   6482   2091
147570]
Best Parameters:   (chisq=0.9660)
[-3.12890241  0.2646171  -3.98741027  0.14366437  0.79745808
1.68255156
  1.04576346  1.79098017  0.7029707   2.95221545]
Gelman-Rubin statistic for free parameters:
[1.00380094 1.00536362 1.01511134 1.01065747 1.01521562 1.00327924
 1.00260054 1.00357241 1.00221332 1.00256875]

[::::::::: ]  90.0% completed  (Sun Oct 25 23:34:40 2020)
Out-of-bound Trials:
 [ 38708  25293 192856 255187    109   3178   1286   7183   2103
167856]
Best Parameters:   (chisq=0.9660)
[-3.12890241  0.2646171  -3.98741027  0.14366437  0.79745808
1.68255156
  1.04576346  1.79098017  0.7029707   2.95221545]
Gelman-Rubin statistic for free parameters:
[1.00189852 1.00212756 1.01346062 1.00582622 1.0099842  1.0023952
 1.00289636 1.00333304 1.00122925 1.0017081 ]

[::::::::::] 100.0% completed  (Mon Oct 26 19:11:12 2020)
Out-of-bound Trials:
 [ 40501  26696 214236 281744    109   3208   1301   7840   2109
188227]
Best Parameters:   (chisq=0.8220)
[-3.03329578  0.20741518 -3.61653293  0.04151094  0.79915853
1.69060502
  1.07403249  1.9055738   0.74014928  2.68199151]
Gelman-Rubin statistic for free parameters:
[1.00209478 1.00161012 1.01005781 1.00308377 1.00748275 1.00189814
 1.00151943 1.00221584 1.00074192 1.0009234 ]

Fin, MCMC Summary:
------------------
 Burned in iterations per chain:   50000
 Number of iterations per chain:  200000
 MCMC sample size:               1500000
 Acceptance rate:   3.44%

 Best-fit params   Uncertainties        S/N      Sample Mean   Note
  -3.0332958e+00   1.6890819e-01      17.96   -3.2056288e+00
   2.0741518e-01   1.2801310e-01       1.62    3.4130605e-01
  -3.6165329e+00   1.2503601e+00       2.89   -1.8478151e+00
   4.1510941e-02   2.0199197e-01       0.21    2.9753976e-01
   7.9915853e-01   5.6607730e-03     141.17    8.0121653e-01
   1.6906050e+00   9.4530783e-02      17.88    1.7610174e+00
   1.0740325e+00   1.7026368e-01       6.31    1.0252274e+00
   1.9055738e+00   6.3759423e-01       2.99    1.7411980e+00
   7.4014928e-01   1.0149487e-01       7.29    7.0653200e-01
   2.6819915e+00   3.4149387e+00       0.79   -1.8415519e+00

 Best-parameter's chi-squared:      0.8220
 Bayesian Information Criterion:   39.3235
 Reduced chi-squared:               0.0222
 Standard deviation of residuals:  1.22013e-06

 SPEIS: 14485
 ESS  : 103

 kappa credible regions:
  68.27 +- 4.5206 %:  (-3.3594e+00, -2.9873e+00)
  95.45 +- 2.0241 %:  (-3.5144e+00, -2.9034e+00)
  99.73 +- 0.5040 %:  (-3.6042e+00, -2.8405e+00)

 g1 credible regions:
  68.27 +- 4.5206 %:  ( 1.7641e-01,  3.9243e-01)
                    U ( 3.9681e-01,  4.1853e-01)
  95.45 +- 2.0241 %:  ( 1.5941e-01,  5.9591e-01)
  99.73 +- 0.5040 %:  ( 9.0216e-02,  6.5917e-01)
                    U ( 7.2884e-01,  7.6236e-01)

 g2 credible regions:
  68.27 +- 4.5206 %:  (-3.8587e+00, -3.4930e+00)
                    U (-3.4697e+00, -1.9627e+00)
                    U (-1.2336e+00, -3.1984e-01)
  95.45 +- 2.0241 %:  (-3.9789e+00, -3.7712e-02)
                    U ( 8.5359e-02,  2.9667e-01)
  99.73 +- 0.5040 %:  (-3.9998e+00,  8.3191e-01)
                    U ( 1.1349e+00,  1.1733e+00)

 alpha credible regions:
  68.27 +- 4.5206 %:  ( 5.0727e-06,  3.6909e-01)
                    U ( 4.3807e-01,  4.7565e-01)
  95.45 +- 2.0241 %:  ( 5.0727e-06,  6.4597e-01)
  99.73 +- 0.5040 %:  ( 5.0727e-06,  7.2841e-01)
                    U ( 7.6839e-01,  8.0107e-01)

 beta credible regions:
  68.27 +- 4.5206 %:  ( 7.9499e-01,  8.0409e-01)
  95.45 +- 2.0241 %:  ( 7.9164e-01,  8.1473e-01)
  99.73 +- 0.5040 %:  ( 7.8842e-01,  8.2294e-01)

 H2O credible regions:
  68.27 +- 4.5206 %:  ( 1.6688e+00,  1.8555e+00)
  95.45 +- 2.0241 %:  ( 1.5692e+00,  1.9522e+00)
  99.73 +- 0.5040 %:  ( 1.4785e+00,  2.0570e+00)

 CO2 credible regions:
  68.27 +- 4.5206 %:  ( 8.7052e-01,  1.2121e+00)
  95.45 +- 2.0241 %:  ( 6.8513e-01,  1.3614e+00)
  99.73 +- 0.5040 %:  ( 4.6200e-01,  4.7332e-01)
                    U ( 5.0149e-01,  1.5062e+00)
                    U ( 1.5071e+00,  1.5264e+00)

 CO credible regions:
  68.27 +- 4.5206 %:  ( 1.3647e+00,  2.3235e+00)
  95.45 +- 2.0241 %:  ( 6.7924e-01,  2.7461e+00)
  99.73 +- 0.5040 %:  (-7.7931e+00, -7.7086e+00)
                    U (-7.5407e+00, -7.4990e+00)
                    U (-3.5031e+00, -3.4105e+00)
                    U (-3.0064e+00, -2.8975e+00)
                    U (-2.5131e+00, -2.1889e+00)
                    U (-1.8589e+00, -1.7431e+00)
                    U (-1.6018e+00, -1.3286e+00)
                    U (-1.3100e+00, -1.1306e+00)
                    U (-1.0634e+00, -8.6308e-01)
                    U (-8.3876e-01,  3.2486e+00)

 CH4 credible regions:
  68.27 +- 4.5206 %:  ( 6.0894e-01,  8.1202e-01)
  95.45 +- 2.0241 %:  ( 5.0520e-01,  9.1040e-01)
  99.73 +- 0.5040 %:  ( 3.9097e-01,  1.0066e+00)

 NH3 credible regions:
  68.27 +- 4.5206 %:  (-7.0836e+00, -6.8389e+00)
                    U (-6.1121e+00, -6.0314e+00)
                    U (-5.3636e+00, -3.5412e+00)
                    U (-2.8964e+00, -2.5276e+00)
                    U (-2.3612e+00, -1.9442e+00)
                    U (-1.1848e+00,  3.4026e+00)
  95.45 +- 2.0241 %:  (-7.5079e+00,  3.4532e+00)
  99.73 +- 0.5040 %:  (-7.9996e+00,  3.7750e+00)

