::::::::::::::::::::::::::::::::::::::::::::::::::::::::::::::::::::::
  Multi-Core Markov-Chain Monte Carlo (MC3).
  Version 1.3.2.
  Copyright (c) 2015-2020 Patricio Cubillos and collaborators.
  MC3 is open-source software under the MIT license (see LICENSE).
::::::::::::::::::::::::::::::::::::::::::::::::::::::::::::::::::::::

Start MCMC chains  (Sun Oct 18 16:52:12 2020)

[:         ]  10.0% completed  (Mon Oct 19 07:15:35 2020)
Out-of-bound Trials:
 [37057 25937 21157 37206 12648    69  7720  5357 31685  2382 23856]
Best Parameters:   (chisq=0.2837)
[-3.35492519e+00 -1.78878853e+00 -2.96869714e+00  8.49561737e-01
  9.82215013e-01  8.13293247e+04  1.85873904e+00  1.18384930e+00
  2.31285931e+00  7.40173855e-01  3.10492383e+00]

[::        ]  20.0% completed  (Mon Oct 19 21:42:11 2020)
Out-of-bound Trials:
 [79402 55915 44112 76015 26055    71 16083 11000 66671  4906 49796]
Best Parameters:   (chisq=0.2837)
[-3.35492519e+00 -1.78878853e+00 -2.96869714e+00  8.49561737e-01
  9.82215013e-01  8.13293247e+04  1.85873904e+00  1.18384930e+00
  2.31285931e+00  7.40173855e-01  3.10492383e+00]

[:::       ]  30.0% completed  (Tue Oct 20 11:37:10 2020)
Out-of-bound Trials:
 [121140  85311  66137 116456  38761     73  25808  18695 101628
8110
  75795]
Best Parameters:   (chisq=0.2837)
[-3.35492519e+00 -1.78878853e+00 -2.96869714e+00  8.49561737e-01
  9.82215013e-01  8.13293247e+04  1.85873904e+00  1.18384930e+00
  2.31285931e+00  7.40173855e-01  3.10492383e+00]
Gelman-Rubin statistic for free parameters:
[1.05163322 1.01876503 1.02667263 1.04195895 1.07168144 1.06516022
 1.06127695 1.07569868 1.03647264 1.07562494 1.02418538]

[::::      ]  40.0% completed  (Wed Oct 21 02:04:37 2020)
Out-of-bound Trials:
 [161981 116994  89473 157706  54217     77  34510  25389 136450
11141
 102889]
Best Parameters:   (chisq=0.2837)
[-3.35492519e+00 -1.78878853e+00 -2.96869714e+00  8.49561737e-01
  9.82215013e-01  8.13293247e+04  1.85873904e+00  1.18384930e+00
  2.31285931e+00  7.40173855e-01  3.10492383e+00]
Gelman-Rubin statistic for free parameters:
[1.01446577 1.0051606  1.01180914 1.00684168 1.02039456 1.02523644
 1.02398683 1.02823016 1.0194151  1.02923734 1.00726792]

[:::::     ]  50.0% completed  (Wed Oct 21 16:38:28 2020)
Out-of-bound Trials:
 [203439 145401 113898 197950  69370     79  42179  31766 173482
13855
 129358]
Best Parameters:   (chisq=0.2837)
[-3.35492519e+00 -1.78878853e+00 -2.96869714e+00  8.49561737e-01
  9.82215013e-01  8.13293247e+04  1.85873904e+00  1.18384930e+00
  2.31285931e+00  7.40173855e-01  3.10492383e+00]
Gelman-Rubin statistic for free parameters:
[1.00898535 1.01043653 1.00396466 1.00592066 1.01059564 1.01316788
 1.0121803  1.01668374 1.01309118 1.01538601 1.00589524]

[::::::    ]  60.0% completed  (Thu Oct 22 07:13:28 2020)
Out-of-bound Trials:
 [246023 173226 136204 239204  82109     81  51126  38341 206932
16910
 155132]
Best Parameters:   (chisq=0.2837)
[-3.35492519e+00 -1.78878853e+00 -2.96869714e+00  8.49561737e-01
  9.82215013e-01  8.13293247e+04  1.85873904e+00  1.18384930e+00
  2.31285931e+00  7.40173855e-01  3.10492383e+00]
Gelman-Rubin statistic for free parameters:
[1.00492177 1.0036006  1.00356253 1.00318746 1.00578007 1.01489496
 1.01022455 1.01160446 1.01099157 1.01364476 1.00331299]

[:::::::   ]  70.0% completed  (Thu Oct 22 21:10:52 2020)
Out-of-bound Trials:
 [290324 204508 159282 279471  96593     81  62688  45820 242988
20591
 182468]
Best Parameters:   (chisq=0.2837)
[-3.35492519e+00 -1.78878853e+00 -2.96869714e+00  8.49561737e-01
  9.82215013e-01  8.13293247e+04  1.85873904e+00  1.18384930e+00
  2.31285931e+00  7.40173855e-01  3.10492383e+00]
Gelman-Rubin statistic for free parameters:
[1.00231677 1.00298746 1.00315412 1.00637142 1.00562878 1.01488892
 1.01337212 1.01203489 1.01135442 1.01621575 1.00677872]

[::::::::  ]  80.0% completed  (Fri Oct 23 11:00:40 2020)
Out-of-bound Trials:
 [335098 234602 180410 317104 110049     81  72178  52752 277014
23305
 209038]
Best Parameters:   (chisq=0.2837)
[-3.35492519e+00 -1.78878853e+00 -2.96869714e+00  8.49561737e-01
  9.82215013e-01  8.13293247e+04  1.85873904e+00  1.18384930e+00
  2.31285931e+00  7.40173855e-01  3.10492383e+00]
Gelman-Rubin statistic for free parameters:
[1.00376563 1.00424579 1.00213366 1.00512285 1.00270641 1.00934005
 1.0076538  1.00724202 1.00882498 1.00983038 1.0043386 ]
All parameters have converged to within 1% of unity.

[::::::::: ]  90.0% completed  (Sat Oct 24 00:47:35 2020)
Out-of-bound Trials:
 [378616 262852 201032 358644 123943     83  83048  60836 311919
27223
 237457]
Best Parameters:   (chisq=0.2837)
[-3.35492519e+00 -1.78878853e+00 -2.96869714e+00  8.49561737e-01
  9.82215013e-01  8.13293247e+04  1.85873904e+00  1.18384930e+00
  2.31285931e+00  7.40173855e-01  3.10492383e+00]
Gelman-Rubin statistic for free parameters:
[1.00308143 1.00311098 1.00178991 1.00483483 1.00460107 1.00741471
 1.00589018 1.00521573 1.00769371 1.0069447  1.00253146]
All parameters have converged to within 1% of unity.

[::::::::::] 100.0% completed  (Sat Oct 24 14:36:16 2020)
Out-of-bound Trials:
 [422244 290483 223088 399921 137336     83  92984  67623 348151
30567
 262595]
Best Parameters:   (chisq=0.2837)
[-3.35492519e+00 -1.78878853e+00 -2.96869714e+00  8.49561737e-01
  9.82215013e-01  8.13293247e+04  1.85873904e+00  1.18384930e+00
  2.31285931e+00  7.40173855e-01  3.10492383e+00]
Gelman-Rubin statistic for free parameters:
[1.00238052 1.00329969 1.00219796 1.00317513 1.00520435 1.01106659
 1.00560386 1.00494017 1.0049239  1.00802174 1.00320779]

Fin, MCMC Summary:
------------------
 Burned in iterations per chain:   50000
 Number of iterations per chain:  200000
 MCMC sample size:               1500000
 Acceptance rate:   2.85%

 Best-fit params   Uncertainties        S/N      Sample Mean   Note
  -3.3549252e+00   1.4647997e+00       2.29   -1.8894364e+00
  -1.7887885e+00   1.2503883e+00       1.43   -1.1915559e+00
  -2.9686971e+00   1.4899600e+00       1.99   -8.3973731e-01
   8.4956174e-01   2.8938073e-01       2.94    4.8943905e-01
   9.8221501e-01   1.5418522e-01       6.37    8.5530256e-01
   8.1329325e+04   2.3215557e+02     350.32    8.1226248e+04
   1.8587390e+00   1.0992989e+00       1.69    2.3188281e+00
   1.1838493e+00   1.1906993e+00       0.99    1.7689032e+00
   2.3128593e+00   3.5667141e+00       0.65   -1.4081446e+00
   7.4017385e-01   1.0282274e+00       0.72    1.2625973e+00
   3.1049238e+00   3.7556828e+00       0.83   -1.5448532e+00

 Best-parameter's chi-squared:      0.2837
 Bayesian Information Criterion:   42.6353
 Reduced chi-squared:               0.0079
 Standard deviation of residuals:  5.91516e-06

 SPEIS: 4553
 ESS  : 329

 kappa credible regions:
  68.27 +- 2.5544 %:  (-3.9898e+00, -2.0491e+00)
                    U (-1.1373e+00, -4.8588e-01)
                    U (-3.3240e-01,  2.0508e-03)
  95.45 +- 1.1437 %:  (-3.9998e+00,  6.2046e-01)
  99.73 +- 0.2848 %:  (-3.9998e+00,  9.6191e-01)

 g1 credible regions:
  68.27 +- 2.5544 %:  (-2.1755e+00,  4.6763e-01)
  95.45 +- 1.1437 %:  (-3.8962e+00, -3.6772e+00)
                    U (-3.2878e+00,  9.6605e-01)
  99.73 +- 0.2848 %:  (-3.9552e+00,  9.9754e-01)

 g2 credible regions:
  68.27 +- 2.5544 %:  (-2.3135e+00,  8.3498e-01)
  95.45 +- 1.1437 %:  (-3.9027e+00,  1.7361e+00)
  99.73 +- 0.2848 %:  (-3.9996e+00,  2.3852e+00)

 alpha credible regions:
  68.27 +- 2.5544 %:  ( 2.5857e-02,  3.3077e-01)
                    U ( 3.8697e-01,  5.1967e-01)
                    U ( 5.3087e-01,  5.5477e-01)
                    U ( 5.8297e-01,  6.4068e-01)
                    U ( 6.6698e-01,  7.1858e-01)
                    U ( 8.4588e-01,  9.0158e-01)
                    U ( 9.2449e-01,  9.5639e-01)
  95.45 +- 1.1437 %:  ( 2.0357e-02,  3.5837e-01)
                    U ( 3.6437e-01,  9.6579e-01)
  99.73 +- 0.2848 %:  ( 5.5611e-04,  9.9479e-01)

 beta credible regions:
  68.27 +- 2.5544 %:  ( 6.8038e-01,  9.8940e-01)
  95.45 +- 1.1437 %:  ( 5.3139e-01,  5.3435e-01)
                    U ( 5.5202e-01,  1.1732e+00)
  99.73 +- 0.2848 %:  ( 5.0012e-01,  1.2779e+00)

 R_p credible regions:
  68.27 +- 2.5544 %:  ( 8.1178e+04,  8.1475e+04)
  95.45 +- 1.1437 %:  ( 8.0700e+04,  8.1525e+04)
  99.73 +- 0.2848 %:  ( 8.0260e+04,  8.0300e+04)
                    U ( 8.0317e+04,  8.1556e+04)

 H2O credible regions:
  68.27 +- 2.5544 %:  ( 8.6800e-01,  2.8543e+00)
                    U ( 3.8957e+00,  4.0619e+00)
                    U ( 4.3442e+00,  4.3775e+00)
  95.45 +- 1.1437 %:  ( 6.8092e-01,  4.5386e+00)
  99.73 +- 0.2848 %:  ( 1.9687e-01,  4.7928e+00)

 CO2 credible regions:
  68.27 +- 2.5544 %:  ( 1.3765e-01,  2.4649e+00)
                    U ( 3.8134e+00,  3.8932e+00)
  95.45 +- 1.1437 %:  (-4.2258e-02,  4.1727e+00)
  99.73 +- 0.2848 %:  (-5.2697e-01,  4.4692e+00)

 CO credible regions:
  68.27 +- 2.5544 %:  (-7.0921e+00, -5.6824e+00)
                    U (-4.7935e+00, -4.4900e+00)
                    U (-3.5458e+00, -3.2319e+00)
                    U (-2.4396e+00, -2.1090e+00)
                    U (-1.9829e+00, -1.5996e+00)
                    U (-1.2858e+00,  3.8414e+00)
  95.45 +- 1.1437 %:  (-7.6427e+00,  4.0627e+00)
  99.73 +- 0.2848 %:  (-7.9990e+00,  4.6132e+00)

 CH4 credible regions:
  68.27 +- 2.5544 %:  ( 3.8789e-02,  1.6396e+00)
  95.45 +- 1.1437 %:  (-1.6635e-01,  3.6270e+00)
  99.73 +- 0.2848 %:  (-5.8198e-01,  4.5170e+00)

 NH3 credible regions:
  68.27 +- 2.5544 %:  (-7.3789e+00, -6.7998e+00)
                    U (-6.4918e+00, -3.8335e+00)
                    U (-3.4161e+00, -1.7097e+00)
                    U (-1.3924e+00,  1.1195e+00)
                    U ( 1.3644e+00,  2.4702e+00)
  95.45 +- 1.1437 %:  (-7.9687e+00,  4.4801e+00)
  99.73 +- 0.2848 %:  (-7.9995e+00,  6.7210e+00)

